<?xml version="1.0" encoding="UTF-8"?>
<testng-results ignored="0" total="1" passed="1" failed="0" skipped="0">
  <reporter-output>
  </reporter-output>
  <suite started-at="2023-08-29T20:03:34 ART" name="Carina Demo Tests - Hello World" finished-at="2023-08-29T20:03:34 ART" duration-ms="107">
    <groups>
    </groups>
    <test started-at="2023-08-29T20:03:34 ART" name="Hello World test" finished-at="2023-08-29T20:03:34 ART" duration-ms="107">
      <class name="com.equipo5.carina.demo.HelloWorld">
        <test-method signature="helloWorld()[pri:0, instance:com.equipo5.carina.demo.HelloWorld@2c0d7099]" started-at="2023-08-29T20:03:34 ART" name="helloWorld" finished-at="2023-08-29T20:03:34 ART" duration-ms="24" status="PASS">
          <reporter-output>
          </reporter-output>
        </test-method> <!-- helloWorld -->
        <test-method is-config="true" signature="onCarinaAfterMethod()[pri:0, instance:com.equipo5.carina.demo.HelloWorld@2c0d7099]" started-at="2023-08-29T20:03:34 ART" name="onCarinaAfterMethod" finished-at="2023-08-29T20:03:34 ART" duration-ms="2" status="PASS">
          <reporter-output>
          </reporter-output>
        </test-method> <!-- onCarinaAfterMethod -->
      </class> <!-- com.equipo5.carina.demo.HelloWorld -->
    </test> <!-- Hello World test -->
  </suite> <!-- Carina Demo Tests - Hello World -->
</testng-results>
