<?xml version="1.0" encoding="UTF-8"?>
<testsuite xmlns:xsi="http://www.w3.org/2001/XMLSchema-instance" xsi:noNamespaceSchemaLocation="https://maven.apache.org/surefire/maven-surefire-plugin/xsd/surefire-test-report-3.0.xsd" version="3.0" name="TestSuite" time="4.84" tests="1" errors="0" skipped="0" failures="0">
  <properties>
[...]
</properties>
  <testcase name="helloWorld" classname="com.equipo5.carina.demo.HelloWorld" time="0.104">
    <system-out><![CDATA[2023-09-10 17:25:33 CarinaListener [main] [INFO] 
============= Basic configuration =============
env=DEMO
=========== Encryptor configuration ===========
crypto_key_value=*****
=========== WebDriver configuration ===========
url=https://www.gsmarena.com
selenium_url=http://localhost:4444/wd/hub
auto_screenshot=true
localization_encoding=UTF-8
language=en_US
-------------- Driver capabilities ------------
browserName=chrome
===============================================

2023-09-10 17:25:33 TestRunRegistrar [main-1] [WARN] Reporting disabled: using no op test run registrar
2023-09-10 17:25:37 CarinaListener [main-1] [INFO] Set thread-count=1
2023-09-10 17:25:37 CarinaListener [main-1] [INFO] Set data-provider-thread-count=1
2023-09-10 17:25:37 CarinaListener [main-1] [INFO] CARINA_CORE_VERSION: 1.1.3
2023-09-10 17:25:37 TestRunRegistrar [TestNG-test=Hello World test-1] [WARN] Reporting disabled: using no op test run registrar
2023-09-10 17:25:37 Messager [TestNG-test=Hello World test-1-33] [INFO] TEST [Hello World test - helloWorld] STARTED at [17:25:37 2023-09-10]
2023-09-10 17:25:37 HelloWorld [TestNG-test=Hello World test-1-33] [INFO] Hello World!
2023-09-10 17:25:37 Messager [TestNG-test=Hello World test-1-33] [INFO] TEST [Hello World test - helloWorld] PASSED at [17:25:37 2023-09-10]
]]></system-out>
  </testcase>
</testsuite>